Tue Dec 22 12:09:43 CET 2015  [error] Parser Exception: bean.vm
org.apache.velocity.runtime.parser.ParseException: Encountered "#end\n" at line 9, column 1.
Was expecting one of:
    <EOF> 
    "(" ...
    <RPAREN> ...
    <ESCAPE_DIRECTIVE> ...
    <SET_DIRECTIVE> ...
    "##" ...
    "\\\\" ...
    "\\" ...
    <TEXT> ...
    "*#" ...
    "*#" ...
    "]]#" ...
    <STRING_LITERAL> ...
    <IF_DIRECTIVE> ...
    <INTEGER_LITERAL> ...
    <FLOATING_POINT_LITERAL> ...
    <WORD> ...
    <BRACKETED_WORD> ...
    <IDENTIFIER> ...
    <DOT> ...
    "{" ...
    "}" ...
    <EMPTY_INDEX> ...
    
	at org.apache.velocity.runtime.parser.Parser.generateParseException(Parser.java:3679)
	at org.apache.velocity.runtime.parser.Parser.jj_consume_token(Parser.java:3558)
	at org.apache.velocity.runtime.parser.Parser.process(Parser.java:319)
	at org.apache.velocity.runtime.parser.Parser.parse(Parser.java:117)
	at org.apache.velocity.runtime.RuntimeInstance.parse(RuntimeInstance.java:1226)
	at org.apache.velocity.runtime.RuntimeInstance.parse(RuntimeInstance.java:1181)
	at org.telosys.tools.generator.engine.GeneratorTemplate.parseTemplate(GeneratorTemplate.java:158)
	at org.telosys.tools.generator.engine.GeneratorTemplate.buildVelocityTemplate(GeneratorTemplate.java:141)
	at org.telosys.tools.generator.engine.GeneratorTemplate.getVelocityTemplate(GeneratorTemplate.java:129)
	at org.telosys.tools.generator.engine.GeneratorEngine.generate(GeneratorEngine.java:28)
	at org.telosys.tools.generator.Generator.generate(Generator.java:481)
	at org.telosys.tools.generator.Generator.generateInMemory(Generator.java:533)
	at org.telosys.tools.generator.Generator.generateTarget(Generator.java:614)
	at org.telosys.tools.generator.task.AbstractGenerationTask.generateTarget(AbstractGenerationTask.java:304)
	at org.telosys.tools.generator.task.AbstractGenerationTask.generateSelectedTargets(AbstractGenerationTask.java:244)
	at org.telosys.tools.generator.task.AbstractGenerationTask.runTask(AbstractGenerationTask.java:161)
	at org.telosys.tools.generator.task.StandardGenerationTask.run(StandardGenerationTask.java:164)
	at org.telosys.tools.generator.task.StandardGenerationTask.launch(StandardGenerationTask.java:122)
	at org.telosys.tools.api.TelosysProject.launchGeneration(TelosysProject.java:308)
	at org.telosys.tools.api.TelosysProject.launchGeneration(TelosysProject.java:220)
	at org.telosys.saas.services.ProjectService.launchGeneration(ProjectService.java:30)
	at org.telosys.saas.rest.ProjectResource.launchGeneration(ProjectResource.java:75)
	at sun.reflect.NativeMethodAccessorImpl.invoke0(Native Method)
	at sun.reflect.NativeMethodAccessorImpl.invoke(NativeMethodAccessorImpl.java:62)
	at sun.reflect.DelegatingMethodAccessorImpl.invoke(DelegatingMethodAccessorImpl.java:43)
	at java.lang.reflect.Method.invoke(Method.java:483)
	at org.glassfish.jersey.server.model.internal.ResourceMethodInvocationHandlerFactory$1.invoke(ResourceMethodInvocationHandlerFactory.java:81)
	at org.glassfish.jersey.server.model.internal.AbstractJavaResourceMethodDispatcher$1.run(AbstractJavaResourceMethodDispatcher.java:151)
	at org.glassfish.jersey.server.model.internal.AbstractJavaResourceMethodDispatcher.invoke(AbstractJavaResourceMethodDispatcher.java:171)
	at org.glassfish.jersey.server.model.internal.JavaResourceMethodDispatcherProvider$TypeOutInvoker.doDispatch(JavaResourceMethodDispatcherProvider.java:195)
	at org.glassfish.jersey.server.model.internal.AbstractJavaResourceMethodDispatcher.dispatch(AbstractJavaResourceMethodDispatcher.java:104)
	at org.glassfish.jersey.server.model.ResourceMethodInvoker.invoke(ResourceMethodInvoker.java:406)
	at org.glassfish.jersey.server.model.ResourceMethodInvoker.apply(ResourceMethodInvoker.java:350)
	at org.glassfish.jersey.server.model.ResourceMethodInvoker.apply(ResourceMethodInvoker.java:106)
	at org.glassfish.jersey.server.ServerRuntime$1.run(ServerRuntime.java:259)
	at org.glassfish.jersey.internal.Errors$1.call(Errors.java:271)
	at org.glassfish.jersey.internal.Errors$1.call(Errors.java:267)
	at org.glassfish.jersey.internal.Errors.process(Errors.java:315)
	at org.glassfish.jersey.internal.Errors.process(Errors.java:297)
	at org.glassfish.jersey.internal.Errors.process(Errors.java:267)
	at org.glassfish.jersey.process.internal.RequestScope.runInScope(RequestScope.java:320)
	at org.glassfish.jersey.server.ServerRuntime.process(ServerRuntime.java:236)
	at org.glassfish.jersey.server.ApplicationHandler.handle(ApplicationHandler.java:1028)
	at org.glassfish.jersey.servlet.WebComponent.service(WebComponent.java:373)
	at org.glassfish.jersey.servlet.ServletContainer.service(ServletContainer.java:381)
	at org.glassfish.jersey.servlet.ServletContainer.service(ServletContainer.java:344)
	at org.glassfish.jersey.servlet.ServletContainer.service(ServletContainer.java:219)
	at org.eclipse.jetty.servlet.ServletHolder.handle(ServletHolder.java:821)
	at org.eclipse.jetty.servlet.ServletHandler.doHandle(ServletHandler.java:583)
	at org.eclipse.jetty.server.session.SessionHandler.doHandle(SessionHandler.java:224)
	at org.eclipse.jetty.server.handler.ContextHandler.doHandle(ContextHandler.java:1158)
	at org.eclipse.jetty.servlet.ServletHandler.doScope(ServletHandler.java:511)
	at org.eclipse.jetty.server.session.SessionHandler.doScope(SessionHandler.java:185)
	at org.eclipse.jetty.server.handler.ContextHandler.doScope(ContextHandler.java:1090)
	at org.eclipse.jetty.server.handler.ScopedHandler.handle(ScopedHandler.java:141)
	at org.eclipse.jetty.server.handler.HandlerCollection.handle(HandlerCollection.java:109)
	at org.eclipse.jetty.server.handler.HandlerWrapper.handle(HandlerWrapper.java:119)
	at org.eclipse.jetty.server.Server.handle(Server.java:517)
	at org.eclipse.jetty.server.HttpChannel.handle(HttpChannel.java:308)
	at org.eclipse.jetty.server.HttpConnection.onFillable(HttpConnection.java:242)
	at org.eclipse.jetty.io.AbstractConnection$ReadCallback.succeeded(AbstractConnection.java:261)
	at org.eclipse.jetty.io.FillInterest.fillable(FillInterest.java:95)
	at org.eclipse.jetty.io.SelectChannelEndPoint$2.run(SelectChannelEndPoint.java:75)
	at org.eclipse.jetty.util.thread.strategy.ExecuteProduceConsume.produceAndRun(ExecuteProduceConsume.java:213)
	at org.eclipse.jetty.util.thread.strategy.ExecuteProduceConsume.run(ExecuteProduceConsume.java:147)
	at org.eclipse.jetty.util.thread.QueuedThreadPool.runJob(QueuedThreadPool.java:654)
	at org.eclipse.jetty.util.thread.QueuedThreadPool$3.run(QueuedThreadPool.java:572)
	at java.lang.Thread.run(Thread.java:745)
